<?xml version="1.0" encoding="UTF-8"?>
<testng-results ignored="0" total="1" passed="1" failed="0" skipped="0">
  <reporter-output>
  </reporter-output>
  <suite started-at="2022-11-09T16:23:42 IST" name="Default Suite" finished-at="2022-11-09T16:23:48 IST" duration-ms="6047">
    <groups>
    </groups>
    <test started-at="2022-11-09T16:23:42 IST" name="RESTassuredProject1" finished-at="2022-11-09T16:23:48 IST" duration-ms="6047">
      <class name="APIDemo1">
        <test-method signature="demo_test()[pri:0, instance:APIDemo1@275710fc]" started-at="2022-11-09T16:23:42 IST" name="demo_test" finished-at="2022-11-09T16:23:48 IST" duration-ms="5944" status="PASS">
          <reporter-output>
          </reporter-output>
        </test-method> <!-- demo_test -->
      </class> <!-- APIDemo1 -->
    </test> <!-- RESTassuredProject1 -->
  </suite> <!-- Default Suite -->
</testng-results>
